<?xml version="1.0" encoding="UTF-8"?>
<!-- Generated by org.testng.reporters.JUnitReportReporter -->
<testsuite hostname="DESKTOP-KDJ9NO3" failures="0" tests="2" name="Stepdefinition.Login" time="4.168" errors="0" timestamp="2024-05-24T12:16:35 IST" skipped="1">
  <testcase classname="Stepdefinition.Login" name="verifyLoginValidcred" time="4.168"/>
  <testcase classname="Stepdefinition.Login" name="invalidcredntails">
    <skipped/>
  </testcase> <!-- invalidcredntails -->
</testsuite> <!-- Stepdefinition.Login -->
